Apr-23 21:49:57.408 [main] DEBUG nextflow.cli.Launcher - $> nextflow run /home/data2/qiao/PKD/HD/visiumhd-nextflow/main.nf -profile conda -w /home/data2/qiao/PKD/HD/visiumhd-nextflow/work -params-file my_run.yml
Apr-23 21:49:57.508 [main] DEBUG nextflow.cli.CmdRun - N E X T F L O W  ~  version 25.10.4
Apr-23 21:49:57.569 [main] DEBUG nextflow.plugin.PluginsFacade - Setting up plugin manager > mode=prod; embedded=false; plugins-dir=/home/users/qiao/.nextflow/plugins; core-plugins: nf-amazon@3.4.4,nf-azure@1.20.2,nf-cloudcache@0.5.0,nf-codecommit@0.5.0,nf-console@1.3.0,nf-google@1.23.5,nf-k8s@1.2.2,nf-tower@1.17.5,nf-wave@1.16.1
Apr-23 21:49:57.600 [main] INFO  o.pf4j.DefaultPluginStatusProvider - Enabled plugins: []
Apr-23 21:49:57.602 [main] INFO  o.pf4j.DefaultPluginStatusProvider - Disabled plugins: []
Apr-23 21:49:57.605 [main] INFO  org.pf4j.DefaultPluginManager - PF4J version 3.12.0 in 'deployment' mode
Apr-23 21:49:57.624 [main] DEBUG nextflow.util.RetryConfig - Missing nextflow session - using default retry config
Apr-23 21:49:57.820 [main] INFO  org.pf4j.AbstractPluginManager - No plugins
Apr-23 21:49:57.906 [main] DEBUG nextflow.config.ConfigBuilder - Found config local: /home/data2/qiao/PKD/HD/visiumhd-nextflow/nextflow.config
Apr-23 21:49:57.910 [main] DEBUG nextflow.config.ConfigBuilder - Parsing config file: /home/data2/qiao/PKD/HD/visiumhd-nextflow/nextflow.config
Apr-23 21:49:57.969 [main] DEBUG nextflow.config.ConfigBuilder - Applying config profile: `conda`
Apr-23 21:49:58.826 [main] DEBUG nextflow.config.ConfigBuilder - Available config profiles: [standard, conda]
Apr-23 21:49:58.880 [main] DEBUG nextflow.plugin.PluginsFacade - Plugins default=[]
Apr-23 21:49:58.880 [main] DEBUG nextflow.plugin.PluginsFacade - Plugins resolved requirement=[]
Apr-23 21:49:58.902 [main] DEBUG n.secret.LocalSecretsProvider - Secrets store: /home/users/qiao/.nextflow/secrets/store.json
Apr-23 21:49:58.906 [main] DEBUG nextflow.secret.SecretsLoader - Discovered secrets providers: [nextflow.secret.LocalSecretsProvider@5b47731f] - activable => nextflow.secret.LocalSecretsProvider@5b47731f
Apr-23 21:49:58.910 [main] DEBUG nextflow.cli.CmdRun - Applied DSL=2 from script declaration
Apr-23 21:49:58.932 [main] DEBUG nextflow.cli.CmdRun - Launching `/home/data2/qiao/PKD/HD/visiumhd-nextflow/main.nf` [exotic_neumann] DSL2 - revision: 68306be2a4
Apr-23 21:49:58.996 [main] DEBUG nextflow.Session - Session UUID: 656b74ba-6aa4-4f4c-b0ab-b0b214530817
Apr-23 21:49:58.996 [main] DEBUG nextflow.Session - Run name: exotic_neumann
Apr-23 21:49:58.997 [main] DEBUG nextflow.Session - Executor pool size: 56
Apr-23 21:49:59.007 [main] DEBUG nextflow.file.FilePorter - File porter settings maxRetries=3; maxTransfers=50; pollTimeout=null
Apr-23 21:49:59.013 [main] DEBUG nextflow.util.ThreadPoolBuilder - Creating thread pool 'FileTransfer' minSize=10; maxSize=168; workQueue=LinkedBlockingQueue[-1]; allowCoreThreadTimeout=false
Apr-23 21:49:59.068 [main] DEBUG nextflow.cli.CmdRun - 
  Version: 25.10.4 build 11173
  Created: 10-02-2026 15:17 UTC (09:17 CDT)
  System: Linux 5.4.0-187-generic
  Runtime: Groovy 4.0.28 on OpenJDK 64-Bit Server VM 17.0.14+1-b1367.22
  Encoding: UTF-8 (UTF-8)
  Process: 1109687@humphreyslabserver.renalres.wustl.edu [10.24.70.12]
  CPUs: 56 - Mem: 503.8 GB (135 GB) - Swap: 8 GB (40 KB)
Apr-23 21:49:59.120 [main] DEBUG nextflow.Session - Work-dir: /home/data2/qiao/PKD/HD/visiumhd-nextflow/work [ext2/ext3]
Apr-23 21:49:59.163 [main] DEBUG nextflow.executor.ExecutorFactory - Extension executors providers=[]
Apr-23 21:49:59.176 [main] DEBUG nextflow.Session - Observer factory (v2): LinObserverFactory
Apr-23 21:49:59.179 [main] DEBUG nextflow.Session - Observer factory (v2): DefaultObserverFactory
Apr-23 21:49:59.242 [main] DEBUG nextflow.cache.CacheFactory - Using Nextflow cache factory: nextflow.cache.DefaultCacheFactory
Apr-23 21:49:59.252 [main] DEBUG nextflow.util.CustomThreadPool - Creating default thread pool > poolSize: 57; maxThreads: 1000
Apr-23 21:49:59.310 [main] DEBUG nextflow.Session - Session start
Apr-23 21:49:59.317 [main] DEBUG nextflow.trace.TraceFileObserver - Workflow started -- trace file: ./results/pipeline_info/trace.txt
Apr-23 21:50:00.188 [main] DEBUG nextflow.script.ScriptRunner - > Launching execution
Apr-23 21:50:00.523 [main] INFO  nextflow.Nextflow - 
    =========================================
    VisiumHD Processing Pipeline
    =========================================
    Input directory     : /home/data2/qiao/PKD/HD/Sample1
    SpaceRanger ref     : /home/data2/qiao/PKD/script/0_run_spaceranger/refdata-gex-mm10-2020-A
    SpaceRanger exec    : spaceranger
    Probe set           : /home/data2/qiao/PKD/script/0_run_spaceranger/spaceranger-4.0.1/probe_sets/Visium_Mouse_Transcriptome_Probe_Set_v2.0_mm10-2020-A.csv
    Output directory    : ./results
    Processing mode     : Cellseg
    Microns per pixel   : 0.5
    =========================================
    Starting analysis...
    
Apr-23 21:50:00.604 [main] INFO  nextflow.Nextflow - Starting SpaceRanger analysis...
Apr-23 21:50:00.631 [main] DEBUG n.script.dsl.ProcessConfigBuilder - Config settings `withName:SPACERANGER_COUNT` matches process SPACERANGER_COUNT
Apr-23 21:50:00.637 [main] DEBUG nextflow.executor.ExecutorFactory - << taskConfig executor: null
Apr-23 21:50:00.637 [main] DEBUG nextflow.executor.ExecutorFactory - >> processorType: 'local'
Apr-23 21:50:00.647 [main] DEBUG nextflow.executor.Executor - [warm up] executor > local
Apr-23 21:50:00.655 [main] DEBUG n.processor.LocalPollingMonitor - Creating local task monitor for executor 'local' > cpus=56; memory=503.8 GB; capacity=56; pollInterval=100ms; dumpInterval=5m
Apr-23 21:50:00.657 [main] DEBUG n.processor.TaskPollingMonitor - >>> barrier register (monitor: local)
Apr-23 21:50:00.682 [main] DEBUG nextflow.processor.TaskProcessor - Creating process 'SPACERANGER_COUNT': maxForks=0; fair=false; array=0
Apr-23 21:50:00.725 [main] DEBUG n.script.dsl.ProcessConfigBuilder - Config settings `withName:BIN2CELL_SEGMENTATION` matches process BIN2CELL_SEGMENTATION
Apr-23 21:50:00.727 [main] DEBUG nextflow.executor.ExecutorFactory - << taskConfig executor: null
Apr-23 21:50:00.728 [main] DEBUG nextflow.executor.ExecutorFactory - >> processorType: 'local'
Apr-23 21:50:00.729 [main] DEBUG nextflow.processor.TaskProcessor - Creating process 'BIN2CELL_SEGMENTATION': maxForks=0; fair=false; array=0
Apr-23 21:50:00.736 [main] DEBUG n.script.dsl.ProcessConfigBuilder - Config settings `withName:SEURAT_CLUSTERING` matches process SEURAT_CLUSTERING
Apr-23 21:50:00.738 [main] DEBUG nextflow.executor.ExecutorFactory - << taskConfig executor: null
Apr-23 21:50:00.739 [main] DEBUG nextflow.executor.ExecutorFactory - >> processorType: 'local'
Apr-23 21:50:00.740 [main] DEBUG nextflow.processor.TaskProcessor - Creating process 'SEURAT_CLUSTERING': maxForks=0; fair=false; array=0
Apr-23 21:50:00.743 [main] DEBUG nextflow.Session - Workflow process names [dsl2]: SEURAT_CLUSTERING, SPACERANGER_COUNT, BIN2CELL_SEGMENTATION
Apr-23 21:50:00.746 [main] DEBUG nextflow.Session - Igniting dataflow network (4)
Apr-23 21:50:00.747 [main] DEBUG nextflow.processor.TaskProcessor - Starting process > SPACERANGER_COUNT
Apr-23 21:50:00.748 [main] DEBUG nextflow.processor.TaskProcessor - Starting process > BIN2CELL_SEGMENTATION
Apr-23 21:50:00.748 [main] DEBUG nextflow.processor.TaskProcessor - Starting process > SEURAT_CLUSTERING
Apr-23 21:50:00.749 [main] DEBUG nextflow.script.ScriptRunner - Parsed script files:
  Script_64a6bb0b6d269f64: /home/data2/qiao/PKD/HD/visiumhd-nextflow/modules/bin2cell.nf
  Script_0437c5aa81d47730: /home/data2/qiao/PKD/HD/visiumhd-nextflow/modules/spaceranger.nf
  Script_25495c34288d1201: /home/data2/qiao/PKD/HD/visiumhd-nextflow/modules/seurat.nf
  Script_a32b8499972afbb3: /home/data2/qiao/PKD/HD/visiumhd-nextflow/main.nf
Apr-23 21:50:00.749 [main] DEBUG nextflow.script.ScriptRunner - > Awaiting termination 
Apr-23 21:50:00.749 [main] DEBUG nextflow.Session - Session await
